Found Python version 3.12.3 (python3).
Selected out-of-process host.

                  %%%%%%
                 %%%%%%
            @   %%%%%%    @
          @@   %%%%%%      @@
       @@@    %%%%%%%%%%%    @@@
     @@      %%%%%%%%%%        @@
       @@         %%%%       @@
         @@      %%%       @@
           @@    %%      @@
                %%
                %


Azure Functions Core Tools
Core Tools Version:       4.2.2+78afd8b84c8e31f0ddac570ba9e8128eefbd3d4a (64-bit)
Function Runtime Version: 4.1041.200.25360

[2025-10-21T23:43:58.435Z] Worker process started and initialized.

Functions:

	submit_job: [POST] http://localhost:7071/api/submit

	blob_enqueuer: blobTrigger

	Packager: queueTrigger

	queue_ingestor: queueTrigger

[2025-10-21T23:44:03.447Z] Host lock lease acquired by instance ID '000000000000000000000000000BA19C'.
[2025-10-21T23:46:20.758Z] Executing 'Functions.queue_ingestor' (Reason='New queue message detected on 'transcode-jobs'.', Id=4b864239-4b19-4370-b57f-4c256e1a9c5d)
[2025-10-21T23:46:20.774Z] Trigger Details: MessageId: a9b7eb77-6f68-433c-911a-c450b849d867, DequeueCount: 1, InsertedOn: 2025-10-21T23:46:19.000+00:00
[2025-10-21T23:46:21.156Z] Request URL: 'http://127.0.0.1:10000/devstoreaccount1/raw-videos/bbb.mp4'
[2025-10-21T23:46:21.156Z] Request method: 'HEAD'
[2025-10-21T23:46:21.156Z] Request headers:
[2025-10-21T23:46:21.156Z]     'x-ms-version': 'REDACTED'
[2025-10-21T23:46:21.156Z]     'Accept': 'application/xml'
[2025-10-21T23:46:21.156Z]     'User-Agent': 'azsdk-python-storage-blob/12.20.0 Python/3.12.3 (Linux-6.6.87.2-microsoft-standard-WSL2-x86_64-with-glibc2.39)'
[2025-10-21T23:46:21.156Z]     'x-ms-date': 'REDACTED'
[2025-10-21T23:46:21.156Z]     'x-ms-client-request-id': '254d3fb2-aed8-11f0-8294-00155d77cdfd'
[2025-10-21T23:46:21.156Z]     'Authorization': 'REDACTED'
[2025-10-21T23:46:21.156Z] No body was attached to the request
[2025-10-21T23:46:21.158Z] Response status: 200
[2025-10-21T23:46:21.158Z] Response headers:
[2025-10-21T23:46:21.158Z]     'Server': 'Azurite-Blob/3.35.0'
[2025-10-21T23:46:21.158Z]     'last-modified': 'Sat, 04 Oct 2025 16:57:38 GMT'
[2025-10-21T23:46:21.158Z]     'x-ms-creation-time': 'REDACTED'
[2025-10-21T23:46:21.158Z]     'x-ms-blob-type': 'REDACTED'
[2025-10-21T23:46:21.158Z]     'x-ms-lease-state': 'REDACTED'
[2025-10-21T23:46:21.158Z]     'x-ms-lease-status': 'REDACTED'
[2025-10-21T23:46:21.158Z]     'content-length': '158008374'
[2025-10-21T23:46:21.158Z]     'content-type': 'video/mp4'
[2025-10-21T23:46:21.158Z]     'etag': '"0x20502DDECCE6540"'
[2025-10-21T23:46:21.158Z]     'content-md5': 'REDACTED'
[2025-10-21T23:46:21.158Z]     'x-ms-client-request-id': '254d3fb2-aed8-11f0-8294-00155d77cdfd'
[2025-10-21T23:46:21.158Z]     'x-ms-request-id': 'f3133c54-6c27-4bd9-a78b-2174e0e68716'
[2025-10-21T23:46:21.158Z]     'x-ms-version': 'REDACTED'
[2025-10-21T23:46:21.158Z]     'date': 'Tue, 21 Oct 2025 23:46:21 GMT'
[2025-10-21T23:46:21.158Z]     'accept-ranges': 'REDACTED'
[2025-10-21T23:46:21.158Z]     'x-ms-server-encrypted': 'REDACTED'
[2025-10-21T23:46:21.158Z]     'x-ms-access-tier': 'REDACTED'
[2025-10-21T23:46:21.158Z]     'x-ms-access-tier-inferred': 'REDACTED'
[2025-10-21T23:46:21.158Z]     'Connection': 'keep-alive'
[2025-10-21T23:46:21.158Z]     'Keep-Alive': 'REDACTED'
[2025-10-21T23:46:21.159Z] Request URL: 'http://127.0.0.1:10000/devstoreaccount1/locks?restype=REDACTED'
[2025-10-21T23:46:21.159Z] Request method: 'PUT'
[2025-10-21T23:46:21.159Z] Request headers:
[2025-10-21T23:46:21.159Z]     'x-ms-version': 'REDACTED'
[2025-10-21T23:46:21.159Z]     'Accept': 'application/xml'
[2025-10-21T23:46:21.159Z]     'User-Agent': 'azsdk-python-storage-blob/12.20.0 Python/3.12.3 (Linux-6.6.87.2-microsoft-standard-WSL2-x86_64-with-glibc2.39)'
[2025-10-21T23:46:21.159Z]     'x-ms-date': 'REDACTED'
[2025-10-21T23:46:21.159Z]     'x-ms-client-request-id': '255a1782-aed8-11f0-8cb4-00155d77cdfd'
[2025-10-21T23:46:21.159Z]     'Authorization': 'REDACTED'
[2025-10-21T23:46:21.159Z] No body was attached to the request
[2025-10-21T23:46:21.174Z] Response status: 409
[2025-10-21T23:46:21.174Z] Response headers:
[2025-10-21T23:46:21.175Z]     'Server': 'Azurite-Blob/3.35.0'
[2025-10-21T23:46:21.175Z]     'x-ms-error-code': 'ContainerAlreadyExists'
[2025-10-21T23:46:21.175Z]     'x-ms-request-id': '857ba3ce-1625-47ca-9ac8-078119884c9f'
[2025-10-21T23:46:21.176Z]     'content-type': 'application/xml'
[2025-10-21T23:46:21.176Z]     'Date': 'Tue, 21 Oct 2025 23:46:21 GMT'
[2025-10-21T23:46:21.176Z]     'Connection': 'keep-alive'
[2025-10-21T23:46:21.176Z]     'Keep-Alive': 'REDACTED'
[2025-10-21T23:46:21.176Z]     'Transfer-Encoding': 'chunked'
[2025-10-21T23:46:21.345Z] Request URL: 'http://127.0.0.1:10000/devstoreaccount1/locks/a0a51116af4f705c09474717be520ac88d91e6af.lock'
[2025-10-21T23:46:21.345Z] Request method: 'HEAD'
[2025-10-21T23:46:21.345Z] Request headers:
[2025-10-21T23:46:21.346Z]     'x-ms-version': 'REDACTED'
[2025-10-21T23:46:21.346Z]     'Accept': 'application/xml'
[2025-10-21T23:46:21.346Z]     'User-Agent': 'azsdk-python-storage-blob/12.20.0 Python/3.12.3 (Linux-6.6.87.2-microsoft-standard-WSL2-x86_64-with-glibc2.39)'
[2025-10-21T23:46:21.346Z]     'x-ms-date': 'REDACTED'
[2025-10-21T23:46:21.346Z]     'x-ms-client-request-id': '2578c051-aed8-11f0-b7b3-00155d77cdfd'
[2025-10-21T23:46:21.346Z]     'Authorization': 'REDACTED'
[2025-10-21T23:46:21.346Z] No body was attached to the request
[2025-10-21T23:46:21.458Z] Response status: 200
[2025-10-21T23:46:21.458Z] Response headers:
[2025-10-21T23:46:21.458Z]     'Server': 'Azurite-Blob/3.35.0'
[2025-10-21T23:46:21.458Z]     'last-modified': 'Mon, 13 Oct 2025 23:46:32 GMT'
[2025-10-21T23:46:21.458Z]     'x-ms-creation-time': 'REDACTED'
[2025-10-21T23:46:21.458Z]     'x-ms-meta-lock_owner': 'REDACTED'
[2025-10-21T23:46:21.458Z]     'x-ms-meta-lock_ts': 'REDACTED'
[2025-10-21T23:46:21.459Z]     'x-ms-blob-type': 'REDACTED'
[2025-10-21T23:46:21.459Z]     'x-ms-lease-state': 'REDACTED'
[2025-10-21T23:46:21.459Z]     'x-ms-lease-status': 'REDACTED'
[2025-10-21T23:46:21.459Z]     'content-length': '0'
[2025-10-21T23:46:21.459Z]     'content-type': 'application/octet-stream'
[2025-10-21T23:46:21.459Z]     'etag': '"0x1EF3838857CCC40"'
[2025-10-21T23:46:21.459Z]     'content-md5': 'REDACTED'
[2025-10-21T23:46:21.459Z]     'x-ms-client-request-id': '2578c051-aed8-11f0-b7b3-00155d77cdfd'
[2025-10-21T23:46:21.459Z]     'x-ms-request-id': '739f0420-a8c1-46eb-a103-bf21e15bd66d'
[2025-10-21T23:46:21.459Z]     'x-ms-version': 'REDACTED'
[2025-10-21T23:46:21.459Z]     'date': 'Tue, 21 Oct 2025 23:46:21 GMT'
[2025-10-21T23:46:21.459Z]     'accept-ranges': 'REDACTED'
[2025-10-21T23:46:21.459Z]     'x-ms-server-encrypted': 'REDACTED'
[2025-10-21T23:46:21.459Z]     'x-ms-access-tier': 'REDACTED'
[2025-10-21T23:46:21.459Z]     'x-ms-access-tier-inferred': 'REDACTED'
[2025-10-21T23:46:21.459Z]     'x-ms-access-tier-change-time': 'REDACTED'
[2025-10-21T23:46:21.459Z]     'Connection': 'keep-alive'
[2025-10-21T23:46:21.459Z]     'Keep-Alive': 'REDACTED'
[2025-10-21T23:46:21.489Z] Request URL: 'http://127.0.0.1:10000/devstoreaccount1/locks/a0a51116af4f705c09474717be520ac88d91e6af.lock?comp=REDACTED'
[2025-10-21T23:46:21.489Z] Request method: 'PUT'
[2025-10-21T23:46:21.489Z] Request headers:
[2025-10-21T23:46:21.489Z]     'x-ms-lease-action': 'REDACTED'
[2025-10-21T23:46:21.489Z]     'x-ms-lease-duration': 'REDACTED'
[2025-10-21T23:46:21.489Z]     'x-ms-proposed-lease-id': 'REDACTED'
[2025-10-21T23:46:21.489Z]     'x-ms-version': 'REDACTED'
[2025-10-21T23:46:21.489Z]     'Accept': 'application/xml'
[2025-10-21T23:46:21.489Z]     'User-Agent': 'azsdk-python-storage-blob/12.20.0 Python/3.12.3 (Linux-6.6.87.2-microsoft-standard-WSL2-x86_64-with-glibc2.39)'
[2025-10-21T23:46:21.489Z]     'x-ms-date': 'REDACTED'
[2025-10-21T23:46:21.489Z]     'x-ms-client-request-id': '25873404-aed8-11f0-a544-00155d77cdfd'
[2025-10-21T23:46:21.490Z]     'Authorization': 'REDACTED'
[2025-10-21T23:46:21.490Z] No body was attached to the request
[2025-10-21T23:46:21.490Z] Response status: 201
[2025-10-21T23:46:21.490Z] Response headers:
[2025-10-21T23:46:21.490Z]     'Server': 'Azurite-Blob/3.35.0'
[2025-10-21T23:46:21.490Z]     'etag': '"0x1EF3838857CCC40"'
[2025-10-21T23:46:21.490Z]     'last-modified': 'Mon, 13 Oct 2025 23:46:32 GMT'
[2025-10-21T23:46:21.490Z]     'x-ms-lease-id': 'REDACTED'
[2025-10-21T23:46:21.490Z]     'x-ms-client-request-id': '25873404-aed8-11f0-a544-00155d77cdfd'
[2025-10-21T23:46:21.490Z]     'x-ms-request-id': '844f5f15-ecf0-41d2-8d80-96bf9186f0c6'
[2025-10-21T23:46:21.490Z]     'x-ms-version': 'REDACTED'
[2025-10-21T23:46:21.490Z]     'date': 'Tue, 21 Oct 2025 23:46:21 GMT'
[2025-10-21T23:46:21.490Z]     'Connection': 'keep-alive'
[2025-10-21T23:46:21.490Z]     'Keep-Alive': 'REDACTED'
[2025-10-21T23:46:21.490Z]     'Content-Length': '0'
[2025-10-21T23:46:21.490Z] Request URL: 'http://127.0.0.1:10000/devstoreaccount1/locks/a0a51116af4f705c09474717be520ac88d91e6af.lock?comp=REDACTED'
[2025-10-21T23:46:21.490Z] Request method: 'PUT'
[2025-10-21T23:46:21.491Z] Request headers:
[2025-10-21T23:46:21.491Z]     'x-ms-meta-lock_owner': 'REDACTED'
[2025-10-21T23:46:21.491Z]     'x-ms-meta-lock_ts': 'REDACTED'
[2025-10-21T23:46:21.491Z]     'x-ms-lease-id': 'REDACTED'
[2025-10-21T23:46:21.491Z]     'x-ms-version': 'REDACTED'
[2025-10-21T23:46:21.491Z]     'Accept': 'application/xml'
[2025-10-21T23:46:21.491Z]     'User-Agent': 'azsdk-python-storage-blob/12.20.0 Python/3.12.3 (Linux-6.6.87.2-microsoft-standard-WSL2-x86_64-with-glibc2.39)'
[2025-10-21T23:46:21.491Z]     'x-ms-date': 'REDACTED'
[2025-10-21T23:46:21.491Z]     'x-ms-client-request-id': '25905734-aed8-11f0-b097-00155d77cdfd'
[2025-10-21T23:46:21.491Z]     'Authorization': 'REDACTED'
[2025-10-21T23:46:21.491Z] No body was attached to the request
[2025-10-21T23:46:21.522Z] Response status: 200
[2025-10-21T23:46:21.522Z] Response headers:
[2025-10-21T23:46:21.522Z]     'Server': 'Azurite-Blob/3.35.0'
[2025-10-21T23:46:21.522Z]     'etag': '"0x1D19EB0C2E079A0"'
[2025-10-21T23:46:21.522Z]     'last-modified': 'Tue, 21 Oct 2025 23:46:21 GMT'
[2025-10-21T23:46:21.522Z]     'x-ms-client-request-id': '25905734-aed8-11f0-b097-00155d77cdfd'
[2025-10-21T23:46:21.522Z]     'x-ms-request-id': 'a2ef579c-95c8-41b6-a162-815084c90ca6'
[2025-10-21T23:46:21.522Z]     'x-ms-version': 'REDACTED'
[2025-10-21T23:46:21.522Z]     'date': 'Tue, 21 Oct 2025 23:46:21 GMT'
[2025-10-21T23:46:21.522Z]     'x-ms-request-server-encrypted': 'REDACTED'
[2025-10-21T23:46:21.522Z]     'Connection': 'keep-alive'
[2025-10-21T23:46:21.522Z]     'Keep-Alive': 'REDACTED'
[2025-10-21T23:46:21.522Z]     'Content-Length': '0'
[2025-10-21T23:46:21.602Z] Request URL: 'http://127.0.0.1:10000/devstoreaccount1/raw-videos/bbb.mp4'
[2025-10-21T23:46:21.603Z] Request method: 'GET'
[2025-10-21T23:46:21.603Z] Request headers:
[2025-10-21T23:46:21.603Z]     'x-ms-range': 'REDACTED'
[2025-10-21T23:46:21.603Z]     'x-ms-version': 'REDACTED'
[2025-10-21T23:46:21.603Z]     'Accept': 'application/xml'
[2025-10-21T23:46:21.603Z]     'User-Agent': 'azsdk-python-storage-blob/12.20.0 Python/3.12.3 (Linux-6.6.87.2-microsoft-standard-WSL2-x86_64-with-glibc2.39)'
[2025-10-21T23:46:21.603Z]     'x-ms-date': 'REDACTED'
[2025-10-21T23:46:21.603Z]     'x-ms-client-request-id': '259ba3f3-aed8-11f0-b5ae-00155d77cdfd'
[2025-10-21T23:46:21.603Z]     'Authorization': 'REDACTED'
[2025-10-21T23:46:21.603Z] No body was attached to the request
[2025-10-21T23:46:21.862Z] Response status: 206
[2025-10-21T23:46:21.862Z] Response headers:
[2025-10-21T23:46:21.862Z]     'Server': 'Azurite-Blob/3.35.0'
[2025-10-21T23:46:21.862Z]     'last-modified': 'Sat, 04 Oct 2025 16:57:38 GMT'
[2025-10-21T23:46:21.862Z]     'x-ms-creation-time': 'REDACTED'
[2025-10-21T23:46:21.862Z]     'content-length': '33554432'
[2025-10-21T23:46:21.862Z]     'content-type': 'video/mp4'
[2025-10-21T23:46:21.862Z]     'content-range': 'REDACTED'
[2025-10-21T23:46:21.862Z]     'etag': '"0x20502DDECCE6540"'
[2025-10-21T23:46:21.862Z]     'x-ms-blob-type': 'REDACTED'
[2025-10-21T23:46:21.862Z]     'x-ms-lease-state': 'REDACTED'
[2025-10-21T23:46:21.862Z]     'x-ms-lease-status': 'REDACTED'
[2025-10-21T23:46:21.862Z]     'x-ms-client-request-id': '259ba3f3-aed8-11f0-b5ae-00155d77cdfd'
[2025-10-21T23:46:21.862Z]     'x-ms-request-id': '3bb5d158-2509-421a-a272-ac7248d75dab'
[2025-10-21T23:46:21.862Z]     'x-ms-version': 'REDACTED'
[2025-10-21T23:46:21.862Z]     'accept-ranges': 'REDACTED'
[2025-10-21T23:46:21.862Z]     'date': 'Tue, 21 Oct 2025 23:46:21 GMT'
[2025-10-21T23:46:21.862Z]     'x-ms-server-encrypted': 'REDACTED'
[2025-10-21T23:46:21.862Z]     'x-ms-blob-content-md5': 'REDACTED'
[2025-10-21T23:46:21.862Z]     'Connection': 'keep-alive'
[2025-10-21T23:46:21.862Z]     'Keep-Alive': 'REDACTED'
[2025-10-21T23:46:39.170Z] [download] input ready path=/tmp/ingestor/bbb/input/bbb.mp4 took=17s
[2025-10-21T23:48:15.750Z] Request URL: 'http://127.0.0.1:10000/devstoreaccount1/logs/queue/20251022T024815Z.log'
[2025-10-21T23:48:15.750Z] Request method: 'PUT'
[2025-10-21T23:48:15.750Z] Request headers:
[2025-10-21T23:48:15.750Z]     'Content-Length': '943'
[2025-10-21T23:48:15.750Z]     'x-ms-blob-type': 'REDACTED'
[2025-10-21T23:48:15.750Z]     'x-ms-blob-content-type': 'REDACTED'
[2025-10-21T23:48:15.750Z]     'x-ms-version': 'REDACTED'
[2025-10-21T23:48:15.750Z]     'Content-Type': 'application/octet-stream'
[2025-10-21T23:48:15.750Z]     'Accept': 'application/xml'
[2025-10-21T23:48:15.750Z]     'User-Agent': 'azsdk-python-storage-blob/12.20.0 Python/3.12.3 (Linux-6.6.87.2-microsoft-standard-WSL2-x86_64-with-glibc2.39)'
[2025-10-21T23:48:15.750Z]     'x-ms-date': 'REDACTED'
[2025-10-21T23:48:15.750Z]     'x-ms-client-request-id': '69a99525-aed8-11f0-9a72-00155d77cdfd'
[2025-10-21T23:48:15.750Z]     'Authorization': 'REDACTED'
[2025-10-21T23:48:15.750Z] A body is sent with the request
[2025-10-21T23:48:15.780Z] Response status: 201
[2025-10-21T23:48:15.780Z] Response headers:
[2025-10-21T23:48:15.780Z]     'Server': 'Azurite-Blob/3.35.0'
[2025-10-21T23:48:15.780Z]     'etag': '"0x21E7200BE12A9A0"'
[2025-10-21T23:48:15.780Z]     'last-modified': 'Tue, 21 Oct 2025 23:48:15 GMT'
[2025-10-21T23:48:15.780Z]     'content-md5': 'REDACTED'
[2025-10-21T23:48:15.780Z]     'x-ms-client-request-id': '69a99525-aed8-11f0-9a72-00155d77cdfd'
[2025-10-21T23:48:15.780Z]     'x-ms-request-id': '557b9e4a-7976-4ff4-b80d-8e0a402c3781'
[2025-10-21T23:48:15.780Z]     'x-ms-version': 'REDACTED'
[2025-10-21T23:48:15.781Z]     'date': 'Tue, 21 Oct 2025 23:48:15 GMT'
[2025-10-21T23:48:15.781Z]     'x-ms-request-server-encrypted': 'REDACTED'
[2025-10-21T23:48:15.781Z]     'Connection': 'keep-alive'
[2025-10-21T23:48:15.781Z]     'Keep-Alive': 'REDACTED'
[2025-10-21T23:48:15.781Z]     'Content-Length': '0'
[2025-10-21T23:48:15.781Z] Unhandled error: QC: ffmpeg could not open the input; see log above for reason
[2025-10-21T23:48:15.781Z] [queue] function complete
[2025-10-21T23:48:16.034Z] Executed 'Functions.queue_ingestor' (Failed, Id=4b864239-4b19-4370-b57f-4c256e1a9c5d, Duration=115443ms)
[2025-10-21T23:48:16.034Z] System.Private.CoreLib: Exception while executing function: Functions.queue_ingestor. System.Private.CoreLib: Result: Failure
[2025-10-21T23:48:16.034Z] Exception: CmdError: QC: ffmpeg could not open the input; see log above for reason
[2025-10-21T23:48:16.034Z] Stack:   File "/usr/local/lib/node_modules/azure-functions-core-tools/bin/workers/python/3.12/LINUX/X64/azure_functions_worker/dispatcher.py", line 676, in _handle__invocation_request
[2025-10-21T23:48:16.034Z]     call_result = await self._loop.run_in_executor(
[2025-10-21T23:48:16.034Z]   File "/usr/lib/python3.12/concurrent/futures/thread.py", line 58, in run
[2025-10-21T23:48:16.034Z]     result = self.fn(*self.args, **self.kwargs)
[2025-10-21T23:48:16.034Z]   File "/usr/local/lib/node_modules/azure-functions-core-tools/bin/workers/python/3.12/LINUX/X64/azure_functions_worker/dispatcher.py", line 1006, in _run_sync_func
[2025-10-21T23:48:16.034Z]     return ExtensionManager.get_sync_invocation_wrapper(context,
[2025-10-21T23:48:16.034Z]   File "/usr/local/lib/node_modules/azure-functions-core-tools/bin/workers/python/3.12/LINUX/X64/azure_functions_worker/extension.py", line 211, in _raw_invocation_wrapper
[2025-10-21T23:48:16.034Z]     result = function(**args)
[2025-10-21T23:48:16.034Z]   File "/home/nickg/StreamFoundry/function_app/QueueIngestor/__init__.py", line 310, in queue_ingestor
[2025-10-21T23:48:16.034Z]     meta_in = ffprobe_validate(inp_path, log=log, strict=True, smoke=True)
[2025-10-21T23:48:16.034Z]   File "/home/nickg/StreamFoundry/function_app/shared/qc.py", line 112, in ffprobe_validate
[2025-10-21T23:48:16.034Z]     raise CmdError("QC: ffmpeg could not open the input; see log above for reason")
[2025-10-21T23:48:16.034Z] .
[2025-10-21T23:50:18.042Z] Executing 'Functions.queue_ingestor' (Reason='New queue message detected on 'transcode-jobs'.', Id=1f9a6037-a81e-448a-961b-e646107d92d4)
[2025-10-21T23:50:18.042Z] Trigger Details: MessageId: a9b7eb77-6f68-433c-911a-c450b849d867, DequeueCount: 2, InsertedOn: 2025-10-21T23:46:19.000+00:00
[2025-10-21T23:50:18.063Z] Request URL: 'http://127.0.0.1:10000/devstoreaccount1/raw-videos/bbb.mp4'
[2025-10-21T23:50:18.063Z] Request method: 'HEAD'
[2025-10-21T23:50:18.063Z] Request headers:
[2025-10-21T23:50:18.063Z]     'x-ms-version': 'REDACTED'
[2025-10-21T23:50:18.063Z]     'Accept': 'application/xml'
[2025-10-21T23:50:18.063Z]     'User-Agent': 'azsdk-python-storage-blob/12.20.0 Python/3.12.3 (Linux-6.6.87.2-microsoft-standard-WSL2-x86_64-with-glibc2.39)'
[2025-10-21T23:50:18.063Z]     'x-ms-date': 'REDACTED'
[2025-10-21T23:50:18.063Z]     'x-ms-client-request-id': 'b2927bea-aed8-11f0-8371-00155d77cdfd'
[2025-10-21T23:50:18.063Z]     'Authorization': 'REDACTED'
[2025-10-21T23:50:18.063Z] No body was attached to the request
[2025-10-21T23:50:18.079Z] Response status: 200
[2025-10-21T23:50:18.079Z] Response headers:
[2025-10-21T23:50:18.079Z]     'Server': 'Azurite-Blob/3.35.0'
[2025-10-21T23:50:18.079Z]     'last-modified': 'Sat, 04 Oct 2025 16:57:38 GMT'
[2025-10-21T23:50:18.079Z]     'x-ms-creation-time': 'REDACTED'
[2025-10-21T23:50:18.079Z]     'x-ms-blob-type': 'REDACTED'
[2025-10-21T23:50:18.079Z]     'x-ms-lease-state': 'REDACTED'
[2025-10-21T23:50:18.079Z]     'x-ms-lease-status': 'REDACTED'
[2025-10-21T23:50:18.079Z]     'content-length': '158008374'
[2025-10-21T23:50:18.079Z]     'content-type': 'video/mp4'
[2025-10-21T23:50:18.079Z]     'etag': '"0x20502DDECCE6540"'
[2025-10-21T23:50:18.079Z]     'content-md5': 'REDACTED'
[2025-10-21T23:50:18.079Z]     'x-ms-client-request-id': 'b2927bea-aed8-11f0-8371-00155d77cdfd'
[2025-10-21T23:50:18.079Z]     'x-ms-request-id': '2dae8306-c742-4e30-a9dd-b043f486e0e9'
[2025-10-21T23:50:18.079Z]     'x-ms-version': 'REDACTED'
[2025-10-21T23:50:18.079Z]     'date': 'Tue, 21 Oct 2025 23:50:18 GMT'
[2025-10-21T23:50:18.079Z]     'accept-ranges': 'REDACTED'
[2025-10-21T23:50:18.079Z]     'x-ms-server-encrypted': 'REDACTED'
[2025-10-21T23:50:18.079Z]     'x-ms-access-tier': 'REDACTED'
[2025-10-21T23:50:18.079Z]     'x-ms-access-tier-inferred': 'REDACTED'
[2025-10-21T23:50:18.079Z]     'Connection': 'keep-alive'
[2025-10-21T23:50:18.079Z]     'Keep-Alive': 'REDACTED'
[2025-10-21T23:50:18.081Z] Request URL: 'http://127.0.0.1:10000/devstoreaccount1/locks?restype=REDACTED'
[2025-10-21T23:50:18.081Z] Request method: 'PUT'
[2025-10-21T23:50:18.081Z] Request headers:
[2025-10-21T23:50:18.081Z]     'x-ms-version': 'REDACTED'
[2025-10-21T23:50:18.081Z]     'Accept': 'application/xml'
[2025-10-21T23:50:18.081Z]     'User-Agent': 'azsdk-python-storage-blob/12.20.0 Python/3.12.3 (Linux-6.6.87.2-microsoft-standard-WSL2-x86_64-with-glibc2.39)'
[2025-10-21T23:50:18.081Z]     'x-ms-date': 'REDACTED'
[2025-10-21T23:50:18.081Z]     'x-ms-client-request-id': 'b2947e65-aed8-11f0-9173-00155d77cdfd'
[2025-10-21T23:50:18.081Z]     'Authorization': 'REDACTED'
[2025-10-21T23:50:18.081Z] No body was attached to the request
[2025-10-21T23:50:18.115Z] Response status: 409
[2025-10-21T23:50:18.116Z] Response headers:
[2025-10-21T23:50:18.116Z]     'Server': 'Azurite-Blob/3.35.0'
[2025-10-21T23:50:18.116Z]     'x-ms-error-code': 'ContainerAlreadyExists'
[2025-10-21T23:50:18.116Z]     'x-ms-request-id': '62238e92-c205-4759-987a-5acb55990b86'
[2025-10-21T23:50:18.116Z]     'content-type': 'application/xml'
[2025-10-21T23:50:18.116Z]     'Date': 'Tue, 21 Oct 2025 23:50:18 GMT'
[2025-10-21T23:50:18.116Z]     'Connection': 'keep-alive'
[2025-10-21T23:50:18.116Z]     'Keep-Alive': 'REDACTED'
[2025-10-21T23:50:18.116Z]     'Transfer-Encoding': 'chunked'
[2025-10-21T23:50:18.384Z] Request URL: 'http://127.0.0.1:10000/devstoreaccount1/locks/a0a51116af4f705c09474717be520ac88d91e6af.lock'
[2025-10-21T23:50:18.384Z] Request method: 'HEAD'
[2025-10-21T23:50:18.384Z] Request headers:
[2025-10-21T23:50:18.384Z]     'x-ms-version': 'REDACTED'
[2025-10-21T23:50:18.384Z]     'Accept': 'application/xml'
[2025-10-21T23:50:18.384Z]     'User-Agent': 'azsdk-python-storage-blob/12.20.0 Python/3.12.3 (Linux-6.6.87.2-microsoft-standard-WSL2-x86_64-with-glibc2.39)'
[2025-10-21T23:50:18.384Z]     'x-ms-date': 'REDACTED'
[2025-10-21T23:50:18.384Z]     'x-ms-client-request-id': 'b29ad5a1-aed8-11f0-ac35-00155d77cdfd'
[2025-10-21T23:50:18.384Z]     'Authorization': 'REDACTED'
[2025-10-21T23:50:18.384Z] No body was attached to the request
[2025-10-21T23:50:18.399Z] Response status: 200
[2025-10-21T23:50:18.399Z] Response headers:
[2025-10-21T23:50:18.399Z]     'Server': 'Azurite-Blob/3.35.0'
[2025-10-21T23:50:18.399Z]     'last-modified': 'Tue, 21 Oct 2025 23:46:21 GMT'
[2025-10-21T23:50:18.399Z]     'x-ms-creation-time': 'REDACTED'
[2025-10-21T23:50:18.399Z]     'x-ms-meta-lock_owner': 'REDACTED'
[2025-10-21T23:50:18.399Z]     'x-ms-meta-lock_ts': 'REDACTED'
[2025-10-21T23:50:18.399Z]     'x-ms-blob-type': 'REDACTED'
[2025-10-21T23:50:18.399Z]     'x-ms-lease-state': 'REDACTED'
[2025-10-21T23:50:18.399Z]     'x-ms-lease-status': 'REDACTED'
[2025-10-21T23:50:18.399Z]     'content-length': '0'
[2025-10-21T23:50:18.399Z]     'content-type': 'application/octet-stream'
[2025-10-21T23:50:18.399Z]     'etag': '"0x1D19EB0C2E079A0"'
[2025-10-21T23:50:18.399Z]     'content-md5': 'REDACTED'
[2025-10-21T23:50:18.399Z]     'x-ms-client-request-id': 'b29ad5a1-aed8-11f0-ac35-00155d77cdfd'
[2025-10-21T23:50:18.399Z]     'x-ms-request-id': 'd77ee040-734b-4f7b-8bfa-84e24096c18b'
[2025-10-21T23:50:18.399Z]     'x-ms-version': 'REDACTED'
[2025-10-21T23:50:18.399Z]     'date': 'Tue, 21 Oct 2025 23:50:18 GMT'
[2025-10-21T23:50:18.399Z]     'accept-ranges': 'REDACTED'
[2025-10-21T23:50:18.399Z]     'x-ms-server-encrypted': 'REDACTED'
[2025-10-21T23:50:18.399Z]     'x-ms-access-tier': 'REDACTED'
[2025-10-21T23:50:18.399Z]     'x-ms-access-tier-inferred': 'REDACTED'
[2025-10-21T23:50:18.399Z]     'x-ms-access-tier-change-time': 'REDACTED'
[2025-10-21T23:50:18.399Z]     'Connection': 'keep-alive'
[2025-10-21T23:50:18.400Z]     'Keep-Alive': 'REDACTED'
[2025-10-21T23:50:18.402Z] Request URL: 'http://127.0.0.1:10000/devstoreaccount1/locks/a0a51116af4f705c09474717be520ac88d91e6af.lock?comp=REDACTED'
[2025-10-21T23:50:18.402Z] Request method: 'PUT'
[2025-10-21T23:50:18.402Z] Request headers:
[2025-10-21T23:50:18.402Z]     'x-ms-lease-action': 'REDACTED'
[2025-10-21T23:50:18.402Z]     'x-ms-lease-duration': 'REDACTED'
[2025-10-21T23:50:18.402Z]     'x-ms-proposed-lease-id': 'REDACTED'
[2025-10-21T23:50:18.402Z]     'x-ms-version': 'REDACTED'
[2025-10-21T23:50:18.402Z]     'Accept': 'application/xml'
[2025-10-21T23:50:18.402Z]     'User-Agent': 'azsdk-python-storage-blob/12.20.0 Python/3.12.3 (Linux-6.6.87.2-microsoft-standard-WSL2-x86_64-with-glibc2.39)'
[2025-10-21T23:50:18.403Z]     'x-ms-date': 'REDACTED'
[2025-10-21T23:50:18.403Z]     'x-ms-client-request-id': 'b2c54fa4-aed8-11f0-9403-00155d77cdfd'
[2025-10-21T23:50:18.403Z]     'Authorization': 'REDACTED'
[2025-10-21T23:50:18.403Z] No body was attached to the request
[2025-10-21T23:50:18.421Z] Response status: 201
[2025-10-21T23:50:18.421Z] Response headers:
[2025-10-21T23:50:18.421Z]     'Server': 'Azurite-Blob/3.35.0'
[2025-10-21T23:50:18.421Z]     'etag': '"0x1D19EB0C2E079A0"'
[2025-10-21T23:50:18.421Z]     'last-modified': 'Tue, 21 Oct 2025 23:46:21 GMT'
[2025-10-21T23:50:18.421Z]     'x-ms-lease-id': 'REDACTED'
[2025-10-21T23:50:18.421Z]     'x-ms-client-request-id': 'b2c54fa4-aed8-11f0-9403-00155d77cdfd'
[2025-10-21T23:50:18.421Z]     'x-ms-request-id': '75414523-bbe3-41b3-bf39-9219d163fa71'
[2025-10-21T23:50:18.421Z]     'x-ms-version': 'REDACTED'
[2025-10-21T23:50:18.421Z]     'date': 'Tue, 21 Oct 2025 23:50:18 GMT'
[2025-10-21T23:50:18.421Z]     'Connection': 'keep-alive'
[2025-10-21T23:50:18.421Z]     'Keep-Alive': 'REDACTED'
[2025-10-21T23:50:18.421Z]     'Content-Length': '0'
[2025-10-21T23:50:18.422Z] Request URL: 'http://127.0.0.1:10000/devstoreaccount1/locks/a0a51116af4f705c09474717be520ac88d91e6af.lock?comp=REDACTED'
[2025-10-21T23:50:18.422Z] Request method: 'PUT'
[2025-10-21T23:50:18.422Z] Request headers:
[2025-10-21T23:50:18.422Z]     'x-ms-meta-lock_owner': 'REDACTED'
[2025-10-21T23:50:18.422Z]     'x-ms-meta-lock_ts': 'REDACTED'
[2025-10-21T23:50:18.422Z]     'x-ms-lease-id': 'REDACTED'
[2025-10-21T23:50:18.422Z]     'x-ms-version': 'REDACTED'
[2025-10-21T23:50:18.422Z]     'Accept': 'application/xml'
[2025-10-21T23:50:18.422Z]     'User-Agent': 'azsdk-python-storage-blob/12.20.0 Python/3.12.3 (Linux-6.6.87.2-microsoft-standard-WSL2-x86_64-with-glibc2.39)'
[2025-10-21T23:50:18.422Z]     'x-ms-date': 'REDACTED'
[2025-10-21T23:50:18.422Z]     'x-ms-client-request-id': 'b2c92884-aed8-11f0-aee1-00155d77cdfd'
[2025-10-21T23:50:18.422Z]     'Authorization': 'REDACTED'
[2025-10-21T23:50:18.422Z] No body was attached to the request
[2025-10-21T23:50:18.450Z] Response status: 200
[2025-10-21T23:50:18.450Z] Response headers:
[2025-10-21T23:50:18.450Z]     'Server': 'Azurite-Blob/3.35.0'
[2025-10-21T23:50:18.450Z]     'etag': '"0x20924371BA24F80"'
[2025-10-21T23:50:18.450Z]     'last-modified': 'Tue, 21 Oct 2025 23:50:18 GMT'
[2025-10-21T23:50:18.450Z]     'x-ms-client-request-id': 'b2c92884-aed8-11f0-aee1-00155d77cdfd'
[2025-10-21T23:50:18.450Z]     'x-ms-request-id': 'f260a7ca-57a1-4de4-b5ad-1859f5c1100f'
[2025-10-21T23:50:18.450Z]     'x-ms-version': 'REDACTED'
[2025-10-21T23:50:18.450Z]     'date': 'Tue, 21 Oct 2025 23:50:18 GMT'
[2025-10-21T23:50:18.450Z]     'x-ms-request-server-encrypted': 'REDACTED'
[2025-10-21T23:50:18.450Z]     'Connection': 'keep-alive'
[2025-10-21T23:50:18.450Z]     'Keep-Alive': 'REDACTED'
[2025-10-21T23:50:18.450Z]     'Content-Length': '0'
[2025-10-21T23:50:18.761Z] Request URL: 'http://127.0.0.1:10000/devstoreaccount1/raw-videos/bbb.mp4'
[2025-10-21T23:50:18.761Z] Request method: 'GET'
[2025-10-21T23:50:18.761Z] Request headers:
[2025-10-21T23:50:18.761Z]     'x-ms-range': 'REDACTED'
[2025-10-21T23:50:18.761Z]     'x-ms-version': 'REDACTED'
[2025-10-21T23:50:18.761Z]     'Accept': 'application/xml'
[2025-10-21T23:50:18.761Z]     'User-Agent': 'azsdk-python-storage-blob/12.20.0 Python/3.12.3 (Linux-6.6.87.2-microsoft-standard-WSL2-x86_64-with-glibc2.39)'
[2025-10-21T23:50:18.761Z]     'x-ms-date': 'REDACTED'
[2025-10-21T23:50:18.761Z]     'x-ms-client-request-id': 'b2fd4911-aed8-11f0-a1b4-00155d77cdfd'
[2025-10-21T23:50:18.761Z]     'Authorization': 'REDACTED'
[2025-10-21T23:50:18.761Z] No body was attached to the request
[2025-10-21T23:50:18.798Z] Response status: 206
[2025-10-21T23:50:18.798Z] Response headers:
[2025-10-21T23:50:18.798Z]     'Server': 'Azurite-Blob/3.35.0'
[2025-10-21T23:50:18.798Z]     'last-modified': 'Sat, 04 Oct 2025 16:57:38 GMT'
[2025-10-21T23:50:18.798Z]     'x-ms-creation-time': 'REDACTED'
[2025-10-21T23:50:18.798Z]     'content-length': '33554432'
[2025-10-21T23:50:18.798Z]     'content-type': 'video/mp4'
[2025-10-21T23:50:18.798Z]     'content-range': 'REDACTED'
[2025-10-21T23:50:18.798Z]     'etag': '"0x20502DDECCE6540"'
[2025-10-21T23:50:18.798Z]     'x-ms-blob-type': 'REDACTED'
[2025-10-21T23:50:18.798Z]     'x-ms-lease-state': 'REDACTED'
[2025-10-21T23:50:18.798Z]     'x-ms-lease-status': 'REDACTED'
[2025-10-21T23:50:18.798Z]     'x-ms-client-request-id': 'b2fd4911-aed8-11f0-a1b4-00155d77cdfd'
[2025-10-21T23:50:18.798Z]     'x-ms-request-id': 'a7e7fabf-f23d-4bf2-a637-03703256a663'
[2025-10-21T23:50:18.798Z]     'x-ms-version': 'REDACTED'
[2025-10-21T23:50:18.798Z]     'accept-ranges': 'REDACTED'
[2025-10-21T23:50:18.798Z]     'date': 'Tue, 21 Oct 2025 23:50:18 GMT'
[2025-10-21T23:50:18.798Z]     'x-ms-server-encrypted': 'REDACTED'
[2025-10-21T23:50:18.798Z]     'x-ms-blob-content-md5': 'REDACTED'
[2025-10-21T23:50:18.798Z]     'Connection': 'keep-alive'
[2025-10-21T23:50:18.798Z]     'Keep-Alive': 'REDACTED'
[2025-10-21T23:50:28.898Z] [download] input ready path=/tmp/ingestor/bbb/input/bbb.mp4 took=10s
[2025-10-21T23:52:03.542Z] Request URL: 'http://127.0.0.1:10000/devstoreaccount1/logs/queue/20251022T025203Z.log'
[2025-10-21T23:52:03.542Z] Request method: 'PUT'
[2025-10-21T23:52:03.542Z] Request headers:
[2025-10-21T23:52:03.542Z]     'Content-Length': '943'
[2025-10-21T23:52:03.542Z]     'x-ms-blob-type': 'REDACTED'
[2025-10-21T23:52:03.542Z]     'x-ms-blob-content-type': 'REDACTED'
[2025-10-21T23:52:03.543Z]     'x-ms-version': 'REDACTED'
[2025-10-21T23:52:03.543Z]     'Content-Type': 'application/octet-stream'
[2025-10-21T23:52:03.543Z]     'Accept': 'application/xml'
[2025-10-21T23:52:03.543Z]     'User-Agent': 'azsdk-python-storage-blob/12.20.0 Python/3.12.3 (Linux-6.6.87.2-microsoft-standard-WSL2-x86_64-with-glibc2.39)'
[2025-10-21T23:52:03.543Z]     'x-ms-date': 'REDACTED'
[2025-10-21T23:52:03.543Z]     'x-ms-client-request-id': 'f16ffba3-aed8-11f0-8d8a-00155d77cdfd'
[2025-10-21T23:52:03.543Z]     'Authorization': 'REDACTED'
[2025-10-21T23:52:03.543Z] A body is sent with the request
[2025-10-21T23:52:03.609Z] Response status: 201
[2025-10-21T23:52:03.609Z] Response headers:
[2025-10-21T23:52:03.609Z]     'Server': 'Azurite-Blob/3.35.0'
[2025-10-21T23:52:03.609Z]     'etag': '"0x1E5373F15C74750"'
[2025-10-21T23:52:03.609Z]     'last-modified': 'Tue, 21 Oct 2025 23:52:03 GMT'
[2025-10-21T23:52:03.609Z]     'content-md5': 'REDACTED'
[2025-10-21T23:52:03.609Z]     'x-ms-client-request-id': 'f16ffba3-aed8-11f0-8d8a-00155d77cdfd'
[2025-10-21T23:52:03.609Z]     'x-ms-request-id': 'f95ce582-d1db-4180-bdbe-6e4299293475'
[2025-10-21T23:52:03.609Z]     'x-ms-version': 'REDACTED'
[2025-10-21T23:52:03.609Z]     'date': 'Tue, 21 Oct 2025 23:52:03 GMT'
[2025-10-21T23:52:03.609Z]     'x-ms-request-server-encrypted': 'REDACTED'
[2025-10-21T23:52:03.609Z]     'Connection': 'keep-alive'
[2025-10-21T23:52:03.609Z]     'Keep-Alive': 'REDACTED'
[2025-10-21T23:52:03.609Z]     'Content-Length': '0'
[2025-10-21T23:52:03.621Z] Unhandled error: QC: ffmpeg could not open the input; see log above for reason
[2025-10-21T23:52:03.628Z] [queue] function complete
[2025-10-21T23:52:03.723Z] Executed 'Functions.queue_ingestor' (Failed, Id=1f9a6037-a81e-448a-961b-e646107d92d4, Duration=105680ms)
[2025-10-21T23:52:03.723Z] System.Private.CoreLib: Exception while executing function: Functions.queue_ingestor. System.Private.CoreLib: Result: Failure
[2025-10-21T23:52:03.723Z] Exception: CmdError: QC: ffmpeg could not open the input; see log above for reason
[2025-10-21T23:52:03.723Z] Stack:   File "/usr/local/lib/node_modules/azure-functions-core-tools/bin/workers/python/3.12/LINUX/X64/azure_functions_worker/dispatcher.py", line 676, in _handle__invocation_request
[2025-10-21T23:52:03.723Z]     call_result = await self._loop.run_in_executor(
[2025-10-21T23:52:03.723Z]   File "/usr/lib/python3.12/concurrent/futures/thread.py", line 58, in run
[2025-10-21T23:52:03.723Z]     result = self.fn(*self.args, **self.kwargs)
[2025-10-21T23:52:03.723Z]   File "/usr/local/lib/node_modules/azure-functions-core-tools/bin/workers/python/3.12/LINUX/X64/azure_functions_worker/dispatcher.py", line 1006, in _run_sync_func
[2025-10-21T23:52:03.723Z]     return ExtensionManager.get_sync_invocation_wrapper(context,
[2025-10-21T23:52:03.723Z]   File "/usr/local/lib/node_modules/azure-functions-core-tools/bin/workers/python/3.12/LINUX/X64/azure_functions_worker/extension.py", line 211, in _raw_invocation_wrapper
[2025-10-21T23:52:03.723Z]     result = function(**args)
[2025-10-21T23:52:03.723Z]   File "/home/nickg/StreamFoundry/function_app/QueueIngestor/__init__.py", line 310, in queue_ingestor
[2025-10-21T23:52:03.723Z]     meta_in = ffprobe_validate(inp_path, log=log, strict=True, smoke=True)
[2025-10-21T23:52:03.723Z]   File "/home/nickg/StreamFoundry/function_app/shared/qc.py", line 112, in ffprobe_validate
[2025-10-21T23:52:03.723Z]     raise CmdError("QC: ffmpeg could not open the input; see log above for reason")
[2025-10-21T23:52:03.723Z] .
